<?xml version="1.0" encoding="UTF-8"?>
<!-- Generated by org.testng.reporters.JUnitReportReporter -->
<testsuite hostname="DESKTOP-QUD63Q9" failures="0" tests="1" name="practice_Jenkins.Practice" time="0.024" errors="0" timestamp="2022-12-21T15:21:22 IST" skipped="0">
  <testcase classname="practice_Jenkins.Practice" name="test" time="0.024"/>
</testsuite> <!-- practice_Jenkins.Practice -->
