<?xml version="1.0" encoding="UTF-8"?>
<!-- Generated by org.testng.reporters.JUnitReportReporter -->
<testsuite hostname="DESKTOP-QUD63Q9" failures="0" tests="1" name="practice_Jenkins.Practice_Test" time="0.022" errors="0" timestamp="2022-12-21T15:47:32 IST" skipped="0">
  <testcase classname="practice_Jenkins.Practice_Test" name="test" time="0.022"/>
</testsuite> <!-- practice_Jenkins.Practice_Test -->
